Started at вс окт. 23 11:51:12 MSK 2022
Processing First job
Offering First job to Project Build Discarder
Processing HelloUser
Offering HelloUser to Project Build Discarder
Processing Second job
Offering Second job to Project Build Discarder
Finished at вс окт. 23 11:51:12 MSK 2022. 33ms
Started at вс окт. 23 12:51:12 MSK 2022
Processing First job
Offering First job to Project Build Discarder
Processing HelloUser
Offering HelloUser to Project Build Discarder
Processing Second job
Offering Second job to Project Build Discarder
Finished at вс окт. 23 12:51:12 MSK 2022. 0ms
Started at вс окт. 23 13:51:12 MSK 2022
Processing First job
Offering First job to Project Build Discarder
Processing HelloUser
Offering HelloUser to Project Build Discarder
Processing Second job
Offering Second job to Project Build Discarder
Finished at вс окт. 23 13:51:12 MSK 2022. 1ms
Started at вс окт. 23 14:51:12 MSK 2022
Processing First job
Offering First job to Project Build Discarder
Processing HelloUser
Offering HelloUser to Project Build Discarder
Processing Second job
Offering Second job to Project Build Discarder
Finished at вс окт. 23 14:51:12 MSK 2022. 1ms
Started at вс окт. 23 15:51:12 MSK 2022
Processing First job
Offering First job to Project Build Discarder
Processing HelloUser
Offering HelloUser to Project Build Discarder
Processing Second job
Offering Second job to Project Build Discarder
Finished at вс окт. 23 15:51:12 MSK 2022. 1ms
Started at вс окт. 23 16:51:12 MSK 2022
Processing First job
Offering First job to Project Build Discarder
Processing HelloUser
Offering HelloUser to Project Build Discarder
Processing Second job
Offering Second job to Project Build Discarder
Finished at вс окт. 23 16:51:12 MSK 2022. 1ms
